Arguments: 
  /usr/local/bin/node /usr/local/bin/yarn less

PATH: 
  /Users/ljj/tools/devtools/groovy-3.0.0-alpha-1/bin:/Library/apache-maven-3.5.2/bin:/Library/Java/JavaVirtualMachines/jdk1.8.0_121.jdk/Contents/Home/bin:/usr/local/bin:/usr/bin:/bin:/usr/sbin:/sbin:/Users/ljj/tools/devtools/grails-3.3.2/bin

Yarn version: 
  1.5.1

Node version: 
  8.1.4

Platform: 
  darwin x64

npm manifest: 
  {
    "name": "walle-ui",
    "version": "0.0.0",
    "author": "ljj <yeshrb@126.com>",
    "description": "An electron-vue project",
    "license": null,
    "main": "./dist/electron/main.js",
    "scripts": {
      "build": "node .electron-vue/build.js && electron-builder",
      "build:dir": "node .electron-vue/build.js && electron-builder --dir",
      "build:clean": "cross-env BUILD_TARGET=clean node .electron-vue/build.js",
      "build:web": "cross-env BUILD_TARGET=web node .electron-vue/build.js",
      "dev": "node .electron-vue/dev-runner.js",
      "e2e": "npm run pack && mocha test/e2e",
      "pack": "npm run pack:main && npm run pack:renderer",
      "pack:main": "cross-env NODE_ENV=production webpack --progress --colors --config .electron-vue/webpack.main.config.js",
      "pack:renderer": "cross-env NODE_ENV=production webpack --progress --colors --config .electron-vue/webpack.renderer.config.js",
      "test": "npm run unit && npm run e2e",
      "unit": "karma start test/unit/karma.conf.js",
      "postinstall": ""
    },
    "build": {
      "productName": "walle-ui",
      "appId": "org.simulatedgreg.electron-vue",
      "directories": {
        "output": "build"
      },
      "files": [
        "dist/electron/**/*"
      ],
      "dmg": {
        "contents": [
          {
            "x": 410,
            "y": 150,
            "type": "link",
            "path": "/Applications"
          },
          {
            "x": 130,
            "y": 150,
            "type": "file"
          }
        ]
      },
      "mac": {
        "icon": "build/icons/icon.icns"
      },
      "win": {
        "icon": "build/icons/icon.ico"
      },
      "linux": {
        "icon": "build/icons"
      }
    },
    "dependencies": {
      "vue": "^2.3.3",
      "axios": "^0.16.1",
      "vue-electron": "^1.0.6",
      "vue-router": "^2.5.3",
      "vuex": "^2.3.1"
    },
    "devDependencies": {
      "babel-core": "^6.25.0",
      "babel-loader": "^7.1.1",
      "babel-plugin-transform-runtime": "^6.23.0",
      "babel-preset-env": "^1.6.0",
      "babel-preset-stage-0": "^6.24.1",
      "babel-register": "^6.24.1",
      "babili-webpack-plugin": "^0.1.2",
      "cfonts": "^1.1.3",
      "chalk": "^2.1.0",
      "copy-webpack-plugin": "^4.0.1",
      "cross-env": "^5.0.5",
      "css-loader": "^0.28.4",
      "del": "^3.0.0",
      "devtron": "^1.4.0",
      "electron": "^1.7.5",
      "electron-debug": "^1.4.0",
      "electron-devtools-installer": "^2.2.0",
      "electron-builder": "^19.19.1",
      "extract-text-webpack-plugin": "^3.0.0",
      "file-loader": "^0.11.2",
      "html-webpack-plugin": "^2.30.1",
      "inject-loader": "^3.0.0",
      "karma": "^1.3.0",
      "karma-chai": "^0.1.0",
      "karma-coverage": "^1.1.1",
      "karma-electron": "^5.1.1",
      "karma-mocha": "^1.2.0",
      "karma-sourcemap-loader": "^0.3.7",
      "karma-spec-reporter": "^0.0.31",
      "karma-webpack": "^2.0.1",
      "webpack-merge": "^4.1.0",
      "require-dir": "^0.3.0",
      "spectron": "^3.7.1",
      "babel-plugin-istanbul": "^4.1.1",
      "chai": "^4.0.0",
      "mocha": "^3.0.2",
      "multispinner": "^0.2.1",
      "node-loader": "^0.6.0",
      "style-loader": "^0.18.2",
      "url-loader": "^0.5.9",
      "vue-html-loader": "^1.2.4",
      "vue-loader": "^13.0.5",
      "vue-style-loader": "^3.0.1",
      "vue-template-compiler": "^2.4.2",
      "webpack": "^3.5.2",
      "webpack-dev-server": "^2.7.1",
      "webpack-hot-middleware": "^2.18.2"
    }
  }

yarn manifest: 
  No manifest

Lockfile: 
  No lockfile

Trace: 
  Error: Command "less" not found.
      at new MessageError (/usr/local/lib/node_modules/yarn/lib/cli.js:186:110)
      at /usr/local/lib/node_modules/yarn/lib/cli.js:87307:17
      at Generator.next (<anonymous>)
      at step (/usr/local/lib/node_modules/yarn/lib/cli.js:98:30)
      at /usr/local/lib/node_modules/yarn/lib/cli.js:116:14
      at Promise (<anonymous>)
      at F (/usr/local/lib/node_modules/yarn/lib/cli.js:23451:28)
      at /usr/local/lib/node_modules/yarn/lib/cli.js:95:12
      at runCommand (/usr/local/lib/node_modules/yarn/lib/cli.js:87312:22)
      at Object.<anonymous> (/usr/local/lib/node_modules/yarn/lib/cli.js:87412:14)
